#
# A fatal error has been detected by the Java Runtime Environment:
#
#  EXCEPTION_ACCESS_VIOLATION (0xc0000005) at pc=0x00007ffd0725a1c8, pid=4804, tid=0x0000000000001448
#
# JRE version: Java(TM) SE Runtime Environment (8.0_144-b01) (build 1.8.0_144-b01)
# Java VM: Java HotSpot(TM) 64-Bit Server VM (25.144-b01 mixed mode windows-amd64 compressed oops)
# Problematic frame:
# C  [KERNELBASE.dll+0x2a1c8]
#
# Failed to write core dump. Minidumps are not enabled by default on client versions of Windows
#
# If you would like to submit a bug report, please visit:
#   http://bugreport.java.com/bugreport/crash.jsp
# The crash happened outside the Java Virtual Machine in native code.
# See problematic frame for where to report the bug.
#

---------------  T H R E A D  ---------------

Current thread (0x00000000164c4000):  JavaThread "Thread-9" daemon [_thread_in_native, id=5192, stack(0x000000001a0c0000,0x000000001a1c0000)]

siginfo: ExceptionCode=0xc0000005, reading address 0x0000000000000000

Registers:
RAX=0x00007ffd0a79450e, RBX=0x000000001a1be480, RCX=0x0000000000000000, RDX=0x0000000000000000
RSP=0x000000001a1bc6e0, RBP=0x000000001a1bcd80, RSI=0x000000001a1be970, RDI=0x000000001a1bd4e0
R8 =0x0000000000000000, R9 =0x0000000000000000, R10=0x000000001a1bc3c4, R11=0x0000000000000000
R12=0x000000001a1bdb38, R13=0x0000000000000000, R14=0x000000001a1bc830, R15=0x00007ffce7af4c20
RIP=0x00007ffd0725a1c8, EFLAGS=0x0000000000000206

Top of Stack: (sp=0x000000001a1bc6e0)
0x000000001a1bc6e0:   0000000000000000 000000001a1be480
0x000000001a1bc6f0:   000000001a1be970 000000001a1bd4e0
0x000000001a1bc700:   00000000c0000005 0000000000000000
0x000000001a1bc710:   00007ffd0725a1c8 0000000000000002
0x000000001a1bc720:   0000000000000000 0000000000000000
0x000000001a1bc730:   0000000019930520 0000000000000000
0x000000001a1bc740:   0000000000000000 0000000000000000
0x000000001a1bc750:   000000001a1bebe0 000000005fc420da
0x000000001a1bc760:   0000000000000000 000000001a1be480
0x000000001a1bc770:   000000001a1bd4e0 0000000000000042
0x000000001a1bc780:   000000001a1bd4e0 000000005fc420fb
0x000000001a1bc790:   000000001a1be480 000000001a1bebe0
0x000000001a1bc7a0:   00000ce895f1ef09 0000000000000000
0x000000001a1bc7b0:   000000001a1be480 000000005fc804d6
0x000000001a1bc7c0:   00007ffce7af4c20 000000001a1bdb38
0x000000001a1bc7d0:   0000000000000100 0000000000000003 

Instructions: (pc=0x00007ffd0725a1c8)
0x00007ffd0725a1a8:   49 8b d1 44 0f 47 c0 44 89 44 24 38 49 c1 e0 03
0x00007ffd0725a1b8:   e8 af eb 04 00 48 8d 4c 24 20 ff 15 18 05 0a 00
0x00007ffd0725a1c8:   48 8b 8c 24 c0 00 00 00 48 33 cc e8 88 b4 04 00
0x00007ffd0725a1d8:   48 81 c4 d8 00 00 00 c3 83 64 24 38 00 eb d6 cc 


Register to memory mapping:

RAX=0x00007ffd0a79450e is an unknown value
RBX=0x000000001a1be480 is pointing into the stack for thread: 0x00000000164c4000
RCX=0x0000000000000000 is an unknown value
RDX=0x0000000000000000 is an unknown value
RSP=0x000000001a1bc6e0 is pointing into the stack for thread: 0x00000000164c4000
RBP=0x000000001a1bcd80 is pointing into the stack for thread: 0x00000000164c4000
RSI=0x000000001a1be970 is pointing into the stack for thread: 0x00000000164c4000
RDI=0x000000001a1bd4e0 is pointing into the stack for thread: 0x00000000164c4000
R8 =0x0000000000000000 is an unknown value
R9 =0x0000000000000000 is an unknown value
R10=0x000000001a1bc3c4 is pointing into the stack for thread: 0x00000000164c4000
R11=0x0000000000000000 is an unknown value
R12=0x000000001a1bdb38 is pointing into the stack for thread: 0x00000000164c4000
R13=0x0000000000000000 is an unknown value
R14=0x000000001a1bc830 is pointing into the stack for thread: 0x00000000164c4000
R15=0x00007ffce7af4c20 is an unknown value


Stack: [0x000000001a0c0000,0x000000001a1c0000],  sp=0x000000001a1bc6e0,  free space=1009k
Native frames: (J=compiled Java code, j=interpreted, Vv=VM code, C=native code)
C  [KERNELBASE.dll+0x2a1c8]
C  [msvcr100.dll+0x604d6]
C  [ntdll.dll+0x95c53]
C  [opencv_highgui248.dll+0x16ea9]
C  [opencv_highgui248.dll+0x12ef]
C  [jniopencv_highgui.dll+0x69a0]
C  0x00000000022f5c94

Java frames: (J=compiled Java code, j=interpreted, Vv=VM code)
j  com.googlecode.javacv.cpp.opencv_highgui.cvCreateCameraCapture(I)Lcom/googlecode/javacv/cpp/opencv_highgui$CvCapture;+0
j  com.googlecode.javacv.OpenCVFrameGrabber.start()V+50
j  Project.Recorder.recoder()V+10
j  Project.Recorder.run()V+1
j  java.lang.Thread.run()V+11
v  ~StubRoutines::call_stub

---------------  P R O C E S S  ---------------

Java Threads: ( => current thread )
  0x0000000016c47800 JavaThread "Thread-11" daemon [_thread_new, id=5288, stack(0x0000000000000000,0x0000000000000000)]
=>0x00000000164c4000 JavaThread "Thread-9" daemon [_thread_in_native, id=5192, stack(0x000000001a0c0000,0x000000001a1c0000)]
  0x00000000165aa000 JavaThread "Thread-6" daemon [_thread_in_native, id=5148, stack(0x0000000019fc0000,0x000000001a0c0000)]
  0x0000000016ab5000 JavaThread "Thread-3" daemon [_thread_in_native, id=5124, stack(0x000000001db80000,0x000000001dc80000)]
  0x0000000016aa4800 JavaThread "D3D Screen Updater" daemon [_thread_blocked, id=2532, stack(0x000000001b390000,0x000000001b490000)]
  0x00000000169d2000 JavaThread "Swing-Shell" daemon [_thread_blocked, id=112, stack(0x000000001a3c0000,0x000000001a4c0000)]
  0x00000000021e0800 JavaThread "DestroyJavaVM" [_thread_blocked, id=4800, stack(0x0000000001fe0000,0x00000000020e0000)]
  0x000000001693a000 JavaThread "AWT-EventQueue-0" [_thread_blocked, id=4336, stack(0x0000000017580000,0x0000000017680000)]
  0x0000000016935000 JavaThread "AWT-Windows" daemon [_thread_in_native, id=1996, stack(0x0000000017390000,0x0000000017490000)]
  0x0000000016930800 JavaThread "AWT-Shutdown" [_thread_blocked, id=1780, stack(0x0000000017290000,0x0000000017390000)]
  0x00000000168e6000 JavaThread "Java2D Disposer" daemon [_thread_blocked, id=3568, stack(0x0000000017190000,0x0000000017290000)]
  0x00000000161dd000 JavaThread "Service Thread" daemon [_thread_blocked, id=1072, stack(0x00000000165b0000,0x00000000166b0000)]
  0x0000000014854800 JavaThread "C1 CompilerThread2" daemon [_thread_blocked, id=4788, stack(0x00000000160b0000,0x00000000161b0000)]
  0x000000001484d800 JavaThread "C2 CompilerThread1" daemon [_thread_blocked, id=164, stack(0x0000000015fb0000,0x00000000160b0000)]
  0x0000000014859000 JavaThread "C2 CompilerThread0" daemon [_thread_blocked, id=4192, stack(0x0000000015eb0000,0x0000000015fb0000)]
  0x0000000014857000 JavaThread "Attach Listener" daemon [_thread_blocked, id=2368, stack(0x0000000015db0000,0x0000000015eb0000)]
  0x0000000014856000 JavaThread "Signal Dispatcher" daemon [_thread_blocked, id=4872, stack(0x0000000015cb0000,0x0000000015db0000)]
  0x00000000022dd800 JavaThread "Finalizer" daemon [_thread_blocked, id=4212, stack(0x0000000015ad0000,0x0000000015bd0000)]
  0x00000000022d2000 JavaThread "Reference Handler" daemon [_thread_blocked, id=4208, stack(0x00000000159d0000,0x0000000015ad0000)]

Other Threads:
  0x0000000014817000 VMThread [stack: 0x00000000158d0000,0x00000000159d0000] [id=2864]
  0x0000000016205000 WatcherThread [stack: 0x00000000166b0000,0x00000000167b0000] [id=1036]

VM state:not at safepoint (normal execution)

VM Mutex/Monitor currently owned by a thread: None

Heap:
 PSYoungGen      total 18432K, used 12348K [0x00000000eb700000, 0x00000000ecb80000, 0x0000000100000000)
  eden space 15872K, 61% used [0x00000000eb700000,0x00000000ec093028,0x00000000ec680000)
  from space 2560K, 99% used [0x00000000ec680000,0x00000000ec8fc028,0x00000000ec900000)
  to   space 2560K, 0% used [0x00000000ec900000,0x00000000ec900000,0x00000000ecb80000)
 ParOldGen       total 42496K, used 3640K [0x00000000c2400000, 0x00000000c4d80000, 0x00000000eb700000)
  object space 42496K, 8% used [0x00000000c2400000,0x00000000c278e2c0,0x00000000c4d80000)
 Metaspace       used 14468K, capacity 14728K, committed 15104K, reserved 1062912K
  class space    used 1853K, capacity 1938K, committed 2048K, reserved 1048576K

Card table byte_map: [0x00000000116a0000,0x0000000011890000] byte_map_base: 0x000000001108e000

Marking Bits: (ParMarkBitMap*) 0x000000006051d850
 Begin Bits: [0x0000000011de0000, 0x0000000012d50000)
 End Bits:   [0x0000000012d50000, 0x0000000013cc0000)

Polling page: 0x0000000000570000

CodeCache: size=245760Kb used=3438Kb max_used=3462Kb free=242321Kb
 bounds [0x00000000022e0000, 0x0000000002650000, 0x00000000112e0000]
 total_blobs=1767 nmethods=1056 adapters=625
 compilation: enabled

Compilation events (10 events):
Event: 8.604 Thread 0x0000000014854800 nmethod 1049 0x00000000026315d0 code [0x0000000002631740, 0x00000000026318c8]
Event: 8.604 Thread 0x0000000014854800 1052       1       java.util.Hashtable$Entry::getKey (5 bytes)
Event: 8.604 Thread 0x0000000014854800 nmethod 1052 0x0000000002631310 code [0x0000000002631460, 0x0000000002631570]
Event: 8.604 Thread 0x0000000014854800 1053       1       java.util.Hashtable$Entry::getValue (5 bytes)
Event: 8.604 Thread 0x0000000014854800 nmethod 1053 0x0000000002631050 code [0x00000000026311a0, 0x00000000026312b0]
Event: 8.604 Thread 0x0000000014854800 1051       1       sun.misc.URLClassPath$JarLoader::access$700 (5 bytes)
Event: 8.604 Thread 0x0000000014854800 nmethod 1051 0x0000000002630d90 code [0x0000000002630ee0, 0x0000000002630fd0]
Event: 8.715 Thread 0x0000000014859000 nmethod 1031 0x000000000263e050 code [0x000000000263e2c0, 0x0000000002641ed0]
Event: 8.834 Thread 0x0000000014854800 1055       3       sun.java2d.d3d.D3DSurfaceData$D3DWindowSurfaceData::isDirty (18 bytes)
Event: 8.835 Thread 0x0000000014854800 nmethod 1055 0x0000000002630910 code [0x0000000002630a80, 0x0000000002630ce8]

GC Heap History (6 events):
Event: 3.682 GC heap before
{Heap before GC invocations=1 (full 0):
 PSYoungGen      total 18432K, used 15872K [0x00000000eb700000, 0x00000000ecb80000, 0x0000000100000000)
  eden space 15872K, 100% used [0x00000000eb700000,0x00000000ec680000,0x00000000ec680000)
  from space 2560K, 0% used [0x00000000ec900000,0x00000000ec900000,0x00000000ecb80000)
  to   space 2560K, 0% used [0x00000000ec680000,0x00000000ec680000,0x00000000ec900000)
 ParOldGen       total 42496K, used 0K [0x00000000c2400000, 0x00000000c4d80000, 0x00000000eb700000)
  object space 42496K, 0% used [0x00000000c2400000,0x00000000c2400000,0x00000000c4d80000)
 Metaspace       used 13694K, capacity 13890K, committed 14208K, reserved 1060864K
  class space    used 1789K, capacity 1873K, committed 1920K, reserved 1048576K
Event: 3.691 GC heap after
Heap after GC invocations=1 (full 0):
 PSYoungGen      total 18432K, used 2554K [0x00000000eb700000, 0x00000000ecb80000, 0x0000000100000000)
  eden space 15872K, 0% used [0x00000000eb700000,0x00000000eb700000,0x00000000ec680000)
  from space 2560K, 99% used [0x00000000ec680000,0x00000000ec8feb48,0x00000000ec900000)
  to   space 2560K, 0% used [0x00000000ec900000,0x00000000ec900000,0x00000000ecb80000)
 ParOldGen       total 42496K, used 2112K [0x00000000c2400000, 0x00000000c4d80000, 0x00000000eb700000)
  object space 42496K, 4% used [0x00000000c2400000,0x00000000c26102c0,0x00000000c4d80000)
 Metaspace       used 13694K, capacity 13890K, committed 14208K, reserved 1060864K
  class space    used 1789K, capacity 1873K, committed 1920K, reserved 1048576K
}
Event: 4.171 GC heap before
{Heap before GC invocations=2 (full 0):
 PSYoungGen      total 18432K, used 18271K [0x00000000eb700000, 0x00000000ecb80000, 0x0000000100000000)
  eden space 15872K, 99% used [0x00000000eb700000,0x00000000ec659310,0x00000000ec680000)
  from space 2560K, 99% used [0x00000000ec680000,0x00000000ec8feb48,0x00000000ec900000)
  to   space 2560K, 0% used [0x00000000ec900000,0x00000000ec900000,0x00000000ecb80000)
 ParOldGen       total 42496K, used 2112K [0x00000000c2400000, 0x00000000c4d80000, 0x00000000eb700000)
  object space 42496K, 4% used [0x00000000c2400000,0x00000000c26102c0,0x00000000c4d80000)
 Metaspace       used 13713K, capacity 13890K, committed 14208K, reserved 1060864K
  class space    used 1789K, capacity 1873K, committed 1920K, reserved 1048576K
Event: 4.177 GC heap after
Heap after GC invocations=2 (full 0):
 PSYoungGen      total 18432K, used 2547K [0x00000000eb700000, 0x00000000ecb80000, 0x0000000100000000)
  eden space 15872K, 0% used [0x00000000eb700000,0x00000000eb700000,0x00000000ec680000)
  from space 2560K, 99% used [0x00000000ec900000,0x00000000ecb7cc20,0x00000000ecb80000)
  to   space 2560K, 0% used [0x00000000ec680000,0x00000000ec680000,0x00000000ec900000)
 ParOldGen       total 42496K, used 2968K [0x00000000c2400000, 0x00000000c4d80000, 0x00000000eb700000)
  object space 42496K, 6% used [0x00000000c2400000,0x00000000c26e62c0,0x00000000c4d80000)
 Metaspace       used 13713K, capacity 13890K, committed 14208K, reserved 1060864K
  class space    used 1789K, capacity 1873K, committed 1920K, reserved 1048576K
}
Event: 4.634 GC heap before
{Heap before GC invocations=3 (full 0):
 PSYoungGen      total 18432K, used 17631K [0x00000000eb700000, 0x00000000ecb80000, 0x0000000100000000)
  eden space 15872K, 95% used [0x00000000eb700000,0x00000000ec5bb3a8,0x00000000ec680000)
  from space 2560K, 99% used [0x00000000ec900000,0x00000000ecb7cc20,0x00000000ecb80000)
  to   space 2560K, 0% used [0x00000000ec680000,0x00000000ec680000,0x00000000ec900000)
 ParOldGen       total 42496K, used 2968K [0x00000000c2400000, 0x00000000c4d80000, 0x00000000eb700000)
  object space 42496K, 6% used [0x00000000c2400000,0x00000000c26e62c0,0x00000000c4d80000)
 Metaspace       used 13725K, capacity 13954K, committed 14208K, reserved 1060864K
  class space    used 1789K, capacity 1873K, committed 1920K, reserved 1048576K
Event: 4.641 GC heap after
Heap after GC invocations=3 (full 0):
 PSYoungGen      total 18432K, used 2544K [0x00000000eb700000, 0x00000000ecb80000, 0x0000000100000000)
  eden space 15872K, 0% used [0x00000000eb700000,0x00000000eb700000,0x00000000ec680000)
  from space 2560K, 99% used [0x00000000ec680000,0x00000000ec8fc028,0x00000000ec900000)
  to   space 2560K, 0% used [0x00000000ec900000,0x00000000ec900000,0x00000000ecb80000)
 ParOldGen       total 42496K, used 3640K [0x00000000c2400000, 0x00000000c4d80000, 0x00000000eb700000)
  object space 42496K, 8% used [0x00000000c2400000,0x00000000c278e2c0,0x00000000c4d80000)
 Metaspace       used 13725K, capacity 13954K, committed 14208K, reserved 1060864K
  class space    used 1789K, capacity 1873K, committed 1920K, reserved 1048576K
}

Deoptimization events (2 events):
Event: 7.269 Thread 0x00000000165aa000 Uncommon trap: reason=unstable_if action=reinterpret pc=0x0000000002535ddc method=java.util.HashMap.getNode(ILjava/lang/Object;)Ljava/util/HashMap$Node; @ 62
Event: 7.270 Thread 0x00000000165aa000 Uncommon trap: reason=unstable_if action=reinterpret pc=0x00000000024fffc4 method=java.util.HashMap.getNode(ILjava/lang/Object;)Ljava/util/HashMap$Node; @ 62

Internal exceptions (10 events):
Event: 0.154 Thread 0x00000000021e0800 Exception <a 'java/security/PrivilegedActionException'> (0x00000000eb78cc88) thrown at [C:\re\workspace\8-2-build-windows-amd64-cygwin\jdk8u144\9417\hotspot\src\share\vm\prims\jvm.cpp, line 1390]
Event: 0.154 Thread 0x00000000021e0800 Exception <a 'java/security/PrivilegedActionException'> (0x00000000eb78ce98) thrown at [C:\re\workspace\8-2-build-windows-amd64-cygwin\jdk8u144\9417\hotspot\src\share\vm\prims\jvm.cpp, line 1390]
Event: 0.194 Thread 0x00000000021e0800 Exception <a 'java/security/PrivilegedActionException'> (0x00000000eb834fb0) thrown at [C:\re\workspace\8-2-build-windows-amd64-cygwin\jdk8u144\9417\hotspot\src\share\vm\prims\jvm.cpp, line 1390]
Event: 0.195 Thread 0x00000000021e0800 Exception <a 'java/security/PrivilegedActionException'> (0x00000000eb8351c0) thrown at [C:\re\workspace\8-2-build-windows-amd64-cygwin\jdk8u144\9417\hotspot\src\share\vm\prims\jvm.cpp, line 1390]
Event: 0.195 Thread 0x00000000021e0800 Exception <a 'java/security/PrivilegedActionException'> (0x00000000eb837940) thrown at [C:\re\workspace\8-2-build-windows-amd64-cygwin\jdk8u144\9417\hotspot\src\share\vm\prims\jvm.cpp, line 1390]
Event: 0.195 Thread 0x00000000021e0800 Exception <a 'java/security/PrivilegedActionException'> (0x00000000eb837b50) thrown at [C:\re\workspace\8-2-build-windows-amd64-cygwin\jdk8u144\9417\hotspot\src\share\vm\prims\jvm.cpp, line 1390]
Event: 0.200 Thread 0x00000000021e0800 Exception <a 'java/io/FileNotFoundException'> (0x00000000eb839d58) thrown at [C:\re\workspace\8-2-build-windows-amd64-cygwin\jdk8u144\9417\hotspot\src\share\vm\prims\jni.cpp, line 709]
Event: 0.255 Thread 0x00000000021e0800 Exception <a 'java/lang/NoSuchFieldError': method resolution failed> (0x00000000eb907508) thrown at [C:\re\workspace\8-2-build-windows-amd64-cygwin\jdk8u144\9417\hotspot\src\share\vm\prims\methodHandles.cpp, line 1146]
Event: 0.258 Thread 0x00000000021e0800 Exception <a 'java/lang/NoSuchFieldError': method resolution failed> (0x00000000eb9148d8) thrown at [C:\re\workspace\8-2-build-windows-amd64-cygwin\jdk8u144\9417\hotspot\src\share\vm\prims\methodHandles.cpp, line 1146]
Event: 0.358 Thread 0x000000001693a000 Exception <a 'java/io/FileNotFoundException'> (0x00000000eba764b8) thrown at [C:\re\workspace\8-2-build-windows-amd64-cygwin\jdk8u144\9417\hotspot\src\share\vm\prims\jni.cpp, line 709]

Events (10 events):
Event: 8.582 loading class com/googlecode/javacv/cpp/opencv_highgui$CvVideoWriter
Event: 8.582 loading class com/googlecode/javacv/cpp/opencv_highgui$CvVideoWriter done
Event: 8.582 loading class com/googlecode/javacv/cpp/opencv_highgui$CvCapture
Event: 8.582 loading class com/googlecode/javacv/cpp/opencv_highgui$CvCapture done
Event: 8.588 loading class com/googlecode/javacv/cpp/opencv_highgui$CvMouseCallback
Event: 8.588 loading class com/googlecode/javacv/cpp/opencv_highgui$CvMouseCallback done
Event: 8.593 loading class com/googlecode/javacv/cpp/opencv_highgui$CvTrackbarCallback2
Event: 8.593 loading class com/googlecode/javacv/cpp/opencv_highgui$CvTrackbarCallback2 done
Event: 8.598 loading class com/googlecode/javacv/cpp/opencv_highgui$CvTrackbarCallback
Event: 8.598 loading class com/googlecode/javacv/cpp/opencv_highgui$CvTrackbarCallback done


Dynamic libraries:
0x00007ff754ec0000 - 0x00007ff754ef7000 	D:\Code\jdk1.8.0_144\bin\java.exe
0x00007ffd0a770000 - 0x00007ffd0a932000 	C:\Windows\SYSTEM32\ntdll.dll
0x00007ffd08720000 - 0x00007ffd087cd000 	C:\Windows\system32\KERNEL32.DLL
0x00007ffd07230000 - 0x00007ffd0740d000 	C:\Windows\system32\KERNELBASE.dll
0x00007ffd0a5f0000 - 0x00007ffd0a696000 	C:\Windows\system32\ADVAPI32.dll
0x00007ffd0a510000 - 0x00007ffd0a5ad000 	C:\Windows\system32\msvcrt.dll
0x00007ffd08af0000 - 0x00007ffd08b4b000 	C:\Windows\system32\sechost.dll
0x00007ffd085e0000 - 0x00007ffd08706000 	C:\Windows\system32\RPCRT4.dll
0x00007ffd087d0000 - 0x00007ffd0891e000 	C:\Windows\system32\USER32.dll
0x00007ffd08270000 - 0x00007ffd083f3000 	C:\Windows\system32\GDI32.dll
0x00007ffcf9120000 - 0x00007ffcf9394000 	C:\Windows\WinSxS\amd64_microsoft.windows.common-controls_6595b64144ccf1df_6.0.10240.17184_none_f41d7a705752bce6\COMCTL32.dll
0x00007ffd0a5b0000 - 0x00007ffd0a5e6000 	C:\Windows\system32\IMM32.DLL
0x00007ffd08420000 - 0x00007ffd0857c000 	C:\Windows\system32\MSCTF.dll
0x000000005fc20000 - 0x000000005fcf2000 	D:\Code\jdk1.8.0_144\jre\bin\msvcr100.dll
0x000000005fd00000 - 0x000000006059d000 	D:\Code\jdk1.8.0_144\jre\bin\server\jvm.dll
0x00007ffd08f70000 - 0x00007ffd08f78000 	C:\Windows\system32\PSAPI.DLL
0x00007ffd04190000 - 0x00007ffd04199000 	C:\Windows\SYSTEM32\WSOCK32.dll
0x00007ffd08ef0000 - 0x00007ffd08f59000 	C:\Windows\system32\WS2_32.dll
0x00007ffd08710000 - 0x00007ffd08718000 	C:\Windows\system32\NSI.dll
0x00007ffd049b0000 - 0x00007ffd049d3000 	C:\Windows\SYSTEM32\WINMM.dll
0x00007ffd046d0000 - 0x00007ffd046da000 	C:\Windows\SYSTEM32\VERSION.dll
0x00007ffd04980000 - 0x00007ffd049ac000 	C:\Windows\SYSTEM32\WINMMBASE.dll
0x00007ffd07410000 - 0x00007ffd07454000 	C:\Windows\system32\cfgmgr32.dll
0x00007ffd06ca0000 - 0x00007ffd06cc7000 	C:\Windows\SYSTEM32\DEVOBJ.dll
0x000000005fbd0000 - 0x000000005fbdf000 	D:\Code\jdk1.8.0_144\jre\bin\verify.dll
0x000000005fba0000 - 0x000000005fbc9000 	D:\Code\jdk1.8.0_144\jre\bin\java.dll
0x000000005fb80000 - 0x000000005fb96000 	D:\Code\jdk1.8.0_144\jre\bin\zip.dll
0x00007ffd08f80000 - 0x00007ffd0a4a3000 	C:\Windows\system32\SHELL32.dll
0x00007ffd076e0000 - 0x00007ffd07d09000 	C:\Windows\system32\windows.storage.dll
0x00007ffd08bc0000 - 0x00007ffd08e3c000 	C:\Windows\system32\combase.dll
0x00007ffd08580000 - 0x00007ffd085d1000 	C:\Windows\system32\shlwapi.dll
0x00007ffd071b0000 - 0x00007ffd071bf000 	C:\Windows\system32\kernel.appcore.dll
0x00007ffd07d10000 - 0x00007ffd07dc3000 	C:\Windows\system32\shcore.dll
0x00007ffd071e0000 - 0x00007ffd0722a000 	C:\Windows\system32\powrprof.dll
0x00007ffd071c0000 - 0x00007ffd071d3000 	C:\Windows\system32\profapi.dll
0x000000005f9a0000 - 0x000000005fb38000 	D:\Code\jdk1.8.0_144\jre\bin\awt.dll
0x00007ffd0a6a0000 - 0x00007ffd0a762000 	C:\Windows\system32\OLEAUT32.dll
0x00007ffd04ff0000 - 0x00007ffd05068000 	C:\Windows\system32\apphelp.dll
0x00007ffced0a0000 - 0x00007ffcefd72000 	C:\opencv\build\java\x64\opencv_java341.dll
0x00007ffd08120000 - 0x00007ffd08261000 	C:\Windows\system32\ole32.dll
0x00007ffcf0380000 - 0x00007ffcf03a9000 	C:\Windows\SYSTEM32\MSVFW32.dll
0x00007ffced060000 - 0x00007ffced080000 	C:\Windows\SYSTEM32\AVIFIL32.dll
0x00007ffced080000 - 0x00007ffced098000 	C:\Windows\SYSTEM32\AVICAP32.dll
0x00007ffced040000 - 0x00007ffced05c000 	C:\Windows\SYSTEM32\MSACM32.dll
0x00007ffd05170000 - 0x00007ffd05206000 	C:\Windows\system32\uxtheme.dll
0x00007ffd04680000 - 0x00007ffd046a2000 	C:\Windows\system32\dwmapi.dll
0x00007ffd06fe0000 - 0x00007ffd0704b000 	C:\Windows\SYSTEM32\bcryptPrimitives.dll
0x00007ffd02ad0000 - 0x00007ffd02bf8000 	C:\Windows\system32\opengl32.dll
0x00007ffd02aa0000 - 0x00007ffd02ace000 	C:\Windows\SYSTEM32\GLU32.dll
0x00007ffcfb3c0000 - 0x00007ffcfb4b6000 	C:\Windows\SYSTEM32\DDRAW.dll
0x00007ffd04180000 - 0x00007ffd04188000 	C:\Windows\SYSTEM32\DCIMAN32.dll
0x00007ffcece30000 - 0x00007ffced040000 	C:\Windows\system32\d3d9.dll
0x00007ffd03f40000 - 0x00007ffd040a7000 	C:\Windows\SYSTEM32\aticfx64.dll
0x00007ffcf0e00000 - 0x00007ffcf0e21000 	C:\Windows\SYSTEM32\atiu9p64.dll
0x00007ffce89a0000 - 0x00007ffce91f9000 	C:\Windows\SYSTEM32\atiumd64.dll
0x000000005e980000 - 0x000000005f208000 	C:\Windows\SYSTEM32\atiumd6a.dll
0x00007ffd08e40000 - 0x00007ffd08ee5000 	C:\Windows\system32\clbcatq.dll
0x00007ffcec580000 - 0x00007ffcec598000 	C:\Windows\System32\devenum.dll
0x00007ffd08920000 - 0x00007ffd08ae5000 	C:\Windows\system32\setupapi.dll
0x00007ffd061c0000 - 0x00007ffd061f2000 	C:\Windows\SYSTEM32\ntmarta.dll
0x00007ffd07dd0000 - 0x00007ffd07e24000 	C:\Windows\system32\WINTRUST.dll
0x00007ffd07190000 - 0x00007ffd071a1000 	C:\Windows\system32\MSASN1.dll
0x00007ffd07510000 - 0x00007ffd076d1000 	C:\Windows\system32\CRYPT32.dll
0x00007ffcf7740000 - 0x00007ffcf774a000 	C:\Windows\SYSTEM32\msdmo.dll
0x00007ffcfd1f0000 - 0x00007ffcfd29a000 	C:\Windows\WinSxS\amd64_microsoft.windows.common-controls_6595b64144ccf1df_5.82.10240.16384_none_0212ec7eba871e86\comctl32.dll
0x000000005f950000 - 0x000000005f997000 	D:\Code\jdk1.8.0_144\jre\bin\fontmanager.dll
0x000000005fb60000 - 0x000000005fb7a000 	D:\Code\jdk1.8.0_144\jre\bin\net.dll
0x00007ffd05660000 - 0x00007ffd05676000 	C:\Windows\system32\PrxerDrv.dll
0x00007ffd066f0000 - 0x00007ffd0674d000 	C:\Windows\system32\mswsock.dll
0x000000005fb40000 - 0x000000005fb51000 	D:\Code\jdk1.8.0_144\jre\bin\nio.dll
0x000000005f900000 - 0x000000005f942000 	D:\Code\jdk1.8.0_144\jre\bin\t2k.dll
0x00007ffd04240000 - 0x00007ffd043c3000 	C:\Windows\SYSTEM32\PROPSYS.dll
0x00007ffd06750000 - 0x00007ffd06767000 	C:\Windows\SYSTEM32\cryptsp.dll
0x00007ffd06d30000 - 0x00007ffd06d58000 	C:\Windows\SYSTEM32\bcrypt.dll
0x00007ffd063a0000 - 0x00007ffd063d3000 	C:\Windows\system32\rsaenh.dll
0x00007ffd068a0000 - 0x00007ffd068ab000 	C:\Windows\SYSTEM32\CRYPTBASE.dll
0x00007ffcf93a0000 - 0x00007ffcf980a000 	C:\Windows\System32\ActXPrxy.dll
0x00007ffcec3d0000 - 0x00007ffcec572000 	C:\Windows\system32\NetworkExplorer.dll
0x00007ffd060e0000 - 0x00007ffd060fc000 	C:\Windows\SYSTEM32\MPR.dll
0x00007ffcf7df0000 - 0x00007ffcf7dfb000 	C:\Windows\System32\drprov.dll
0x00007ffd06340000 - 0x00007ffd06398000 	C:\Windows\System32\WINSTA.dll
0x00007ffcf6c20000 - 0x00007ffcf6c36000 	C:\Windows\System32\ntlanman.dll
0x00007ffcf03b0000 - 0x00007ffcf03d0000 	C:\Windows\System32\davclnt.dll
0x00007ffcf79a0000 - 0x00007ffcf79ac000 	C:\Windows\System32\DAVHLPR.dll
0x00007ffd069c0000 - 0x00007ffd069d6000 	C:\Windows\System32\wkscli.dll
0x00007ffcfb0e0000 - 0x00007ffcfb0f2000 	C:\Windows\SYSTEM32\cscapi.dll
0x00007ffd06100000 - 0x00007ffd0610c000 	C:\Windows\System32\netutils.dll
0x00007ffcec350000 - 0x00007ffcec3cf000 	C:\Windows\System32\dlnashext.dll
0x00007ffcec2d0000 - 0x00007ffcec341000 	C:\Windows\System32\PlayToDevice.dll
0x00007ffcec2b0000 - 0x00007ffcec2ce000 	C:\Windows\System32\DevDispItemProvider.dll
0x00007ffd012c0000 - 0x00007ffd01332000 	C:\Windows\System32\MMDevApi.dll
0x00007ffd00210000 - 0x00007ffd00248000 	C:\Windows\SYSTEM32\IPHLPAPI.DLL
0x00007ffd01250000 - 0x00007ffd0125b000 	C:\Windows\SYSTEM32\WINNSI.DLL
0x00007ffcffab0000 - 0x00007ffcffac6000 	C:\Windows\SYSTEM32\dhcpcsvc6.DLL
0x00007ffcffd20000 - 0x00007ffcffd3a000 	C:\Windows\SYSTEM32\dhcpcsvc.DLL
0x00007ffd03160000 - 0x00007ffd0319f000 	C:\Windows\System32\netprofm.dll
0x00007ffcff9b0000 - 0x00007ffcff9be000 	C:\Windows\System32\npmproxy.dll
0x00007ffcea1b0000 - 0x00007ffcea3b3000 	C:\Windows\system32\wpdshext.dll
0x00007ffcf3390000 - 0x00007ffcf3538000 	C:\Windows\WinSxS\amd64_microsoft.windows.gdiplus_6595b64144ccf1df_1.1.10240.17319_none_89a9f4e99af45e30\gdiplus.dll
0x00007ffd040d0000 - 0x00007ffd04171000 	C:\Windows\System32\PortableDeviceApi.dll
0x00007ffcf8450000 - 0x00007ffcf8482000 	C:\Windows\System32\PortableDeviceTypes.dll
0x00007ffcf3e90000 - 0x00007ffcf3ec7000 	C:\Windows\System32\EhStorShell.dll
0x00007ffcec070000 - 0x00007ffcec096000 	C:\Windows\System32\EhStorAPI.dll
0x00007ffd046e0000 - 0x00007ffd046f3000 	C:\Windows\System32\WTSAPI32.dll
0x00007ffcf4720000 - 0x00007ffcf472d000 	C:\Windows\SYSTEM32\LINKINFO.dll
0x00007ffcfaab0000 - 0x00007ffcfaae4000 	C:\Windows\System32\qcap.dll
0x00007ffcf0440000 - 0x00007ffcf060d000 	C:\Windows\System32\quartz.dll
0x00007ffcfaa60000 - 0x00007ffcfaaaf000 	C:\Windows\System32\ksproxy.ax
0x00007ffcfffe0000 - 0x00007ffcfffe8000 	C:\Windows\System32\ksuser.dll
0x00007ffd05b50000 - 0x00007ffd05b89000 	C:\Windows\SYSTEM32\policymanager.dll
0x00007ffd05a70000 - 0x00007ffd05b02000 	C:\Windows\System32\msvcp110_win.dll
0x00007ffd05b10000 - 0x00007ffd05b46000 	C:\Windows\System32\XmlLite.dll
0x00007ffcfaa50000 - 0x00007ffcfaa5e000 	C:\Windows\System32\vidcap.ax
0x00007ffcf31d0000 - 0x00007ffcf31f7000 	C:\Windows\System32\kswdmcap.ax
0x00007ffceb210000 - 0x00007ffceb380000 	C:\Windows\System32\MFC42.dll
0x00007ffcffb30000 - 0x00007ffcffbe0000 	C:\Windows\System32\ODBC32.dll
0x00007ffd062a0000 - 0x00007ffd062aa000 	C:\Windows\System32\DPAPI.dll
0x00007ffceb160000 - 0x00007ffceb20b000 	C:\Windows\System32\qedit.dll
0x00007ffd08040000 - 0x00007ffd08117000 	C:\Windows\system32\COMDLG32.dll
0x00007ffd06490000 - 0x00007ffd064af000 	C:\Windows\SYSTEM32\USERENV.dll
0x000000005e940000 - 0x000000005e971000 	D:\Code\jdk1.8.0_144\jre\bin\jpeg.dll
0x0000000056eb0000 - 0x0000000056f81000 	C:\Users\BLESSEAD PETER\AppData\Local\Temp\javacpp9013581998903\msvcr100.dll
0x0000000058c90000 - 0x0000000058d28000 	C:\Users\BLESSEAD PETER\AppData\Local\Temp\javacpp9013581998903\msvcp100.dll
0x0000000066840000 - 0x00000000676b4000 	C:\Users\BLESSEAD PETER\AppData\Local\Temp\javacpp9013581998903\opencv_ffmpeg248_64.dll
0x00007ffce7ef0000 - 0x00007ffce8162000 	C:\Users\BLESSEAD PETER\AppData\Local\Temp\javacpp9013581998903\opencv_core248.dll
0x00007ffce7c30000 - 0x00007ffce7ee2000 	C:\Users\BLESSEAD PETER\AppData\Local\Temp\javacpp9013581998903\opencv_imgproc248.dll
0x00007ffce79e0000 - 0x00007ffce7c2d000 	C:\Users\BLESSEAD PETER\AppData\Local\Temp\javacpp9013581998903\opencv_highgui248.dll
0x00007ffcefee0000 - 0x00007ffcefef3000 	C:\Users\BLESSEAD PETER\AppData\Local\Temp\javacpp9013581998903\jniopencv_highgui.dll

VM Arguments:
jvm_args: -Dfile.encoding=UTF-8 -Djava.library.path=C:\opencv\build\java\x64 
java_command: Project.Main
java_class_path (initial): C:\opencv\build\java\opencv-341.jar;D:\Code\open\opencv\build\java\opencv-340.jar;C:\Users\BLESSEAD PETER\Desktop\java mail API\activation.jar;C:\Users\BLESSEAD PETER\Desktop\java mail API\javax.mail-1.4.4.jar;C:\javacv-cppjars\ffmpeg-2.1.1-windows-x86.jar;C:\javacv-cppjars\ffmpeg-2.1.1-windows-x86_64.jar;C:\javacv-cppjars\opencv-2.4.8-windows-x86.jar;C:\javacv-cppjars\opencv-2.4.8-windows-x86_64.jar;C:\javacv-bin\javacpp.jar;C:\javacv-bin\javacv-windows-x86.jar;C:\javacv-bin\javacv-windows-x86_64.jar;C:\javacv-bin\javacv.jar;D:\Code\smslib-0.1b.jar;D:\Code\Bulk_SMS_Library.jar;D:\Code\jdk1.8.0_144\NetBeans 8.2\java\modules\ext\AbsoluteLayout.jar;D:\Code\jdk1.8.0_144\NetBeans 8.2\ide\modules\ext\mysql-connector-java-5.1.23-bin.jar;D:\Code\final year\Trial\build\classes
Launcher Type: SUN_STANDARD

Environment Variables:
CLASSPATH=C:\Program Files (x86)\Java\jdk1.8.0_71\bin
PATH=C:\opencv\build\x64\vc15\bin;C:\Flex Windows\gcc\bin;C:\Flex Windows\Lex\bin;C:\Flex Windows\bison\bin
USERNAME=BLESSEAD PETER
OS=Windows_NT
PROCESSOR_IDENTIFIER=Intel64 Family 6 Model 37 Stepping 5, GenuineIntel



---------------  S Y S T E M  ---------------

OS: Windows 10.0 , 64 bit Build 10240 (10.0.10240.17113)

CPU:total 4 (initial active 4) (2 cores per cpu, 2 threads per core) family 6 model 37 stepping 5, cmov, cx8, fxsr, mmx, sse, sse2, sse3, ssse3, sse4.1, sse4.2, popcnt, ht, tsc, tscinvbit

Memory: 4k page, physical 4046260k(1546564k free), swap 7847348k(3600112k free)

vm_info: Java HotSpot(TM) 64-Bit Server VM (25.144-b01) for windows-amd64 JRE (1.8.0_144-b01), built on Jul 21 2017 21:57:33 by "java_re" with MS VC++ 10.0 (VS2010)

time: Thu May 31 12:35:18 2018
elapsed time: 8 seconds (0d 0h 0m 8s)

